boommenu/build/outputs/logs/manifest-merger-debug-report.txt
-- Merging decision tree log ---
manifest
ADDED from src/main/AndroidManifest.xml:1:1-14:12
INJECTED from src/main/AndroidManifest.xml:1:1-14:12
INJECTED from src/main/AndroidManifest.xml:1:1-14:12
INJECTED from src/main/AndroidManifest.xml:1:1-14:12
INJECTED from src/main/AndroidManifest.xml:1:1-14:12
INJECTED from src/main/AndroidManifest.xml:1:1-14:12
INJECTED from src/main/AndroidManifest.xml:1:1-14:12
	package
		ADDED from src/main/AndroidManifest.xml:2:5-37
		INJECTED from src/main/AndroidManifest.xml
		INJECTED from src/main/AndroidManifest.xml
	android:versionName
		INJECTED from src/main/AndroidManifest.xml
		ADDED from src/main/AndroidManifest.xml:1:1-14:12
		INJECTED from src/main/AndroidManifest.xml
	android:versionCode
		INJECTED from src/main/AndroidManifest.xml
		ADDED from src/main/AndroidManifest.xml:1:1-14:12
		INJECTED from src/main/AndroidManifest.xml
	xmlns:android
		ADDED from src/main/AndroidManifest.xml:1:11-69
application
ADDED from src/main/AndroidManifest.xml:4:5-12:19
	android:supportsRtl
		ADDED from src/main/AndroidManifest.xml:6:9-35
	android:label
		ADDED from src/main/AndroidManifest.xml:5:9-41
activity#com.nightonke.boommenu.EaseActivity
ADDED from src/main/AndroidManifest.xml:8:9-10:36
	android:label
		ADDED from src/main/AndroidManifest.xml:10:13-33
	android:name
		ADDED from src/main/AndroidManifest.xml:9:13-41
uses-sdk
INJECTED from src/main/AndroidManifest.xml reason: use-sdk injection requested
INJECTED from src/main/AndroidManifest.xml
INJECTED from src/main/AndroidManifest.xml
INJECTED from src/main/AndroidManifest.xml
INJECTED from src/main/AndroidManifest.xml
	android:targetSdkVersion
		INJECTED from src/main/AndroidManifest.xml
		ADDED from src/main/AndroidManifest.xml
		INJECTED from src/main/AndroidManifest.xml
	android:minSdkVersion
		INJECTED from src/main/AndroidManifest.xml
		ADDED from src/main/AndroidManifest.xml
		INJECTED from src/main/AndroidManifest.xml